<?xml version="1.0" encoding="UTF-8"?>
<testsuite name="Cucumber" time="54.82" tests="1" skipped="0" failures="0" errors="0">
<testcase classname="Login functionality" name="log-in with Data table" time="54.42">
<system-out><![CDATA[
Given The user is on homePage...............................................passed
And I click on log in.......................................................passed
And I enter email and password4.............................................passed
And I click on login button.................................................passed
Then user must successfully login to the webPage............................passed
Then I click on logout......................................................passed
]]></system-out>
</testcase>
</testsuite>
