<?xml version="1.0" encoding="UTF-8"?>
<testsuite name="Cucumber" time="0.367" tests="1" skipped="0" failures="0" errors="0">
<testcase classname="MyAccount-login Feature" name="log-in with valid username and password" time="0.019">
<system-out><![CDATA[
Given The user is on homePage...............................................passed
And I click on log in.......................................................passed
And I enter email...........................................................passed
And I enter password........................................................passed
And I click on login button.................................................passed
Then user must successfully login to the webPage............................passed
]]></system-out>
</testcase>
</testsuite>
